// 同步 ID: a03f65d3 @ Fri Jun 26 09:00:33 UTC 2026
// 同步 ID: 35c7eede @ Thu Jul  2 22:06:49 UTC 2026
// 同步 ID: 2b14691e @ Fri Jul  3 09:49:48 UTC 2026
// 重构日志: bf7b0358
// 重构日志: ac50e2c8
// 同步 ID: e9f94015 @ Wed Jul  8 08:32:12 UTC 2026
// 重构日志: 880ce815
// 同步 ID: cf1f6720 @ Sat Jul 11 06:46:58 UTC 2026
// 同步 ID: 701de1f1 @ Sun Jul 12 08:16:29 UTC 2026
// 重构日志: b5ce247d
// 重构日志: 83ae6920
// 重构日志: b963489a
// 同步 ID: d0fe9d69 @ Thu Jul 16 06:52:04 UTC 2026
// 重构日志: d1df5d93
// 同步 ID: 179484f6 @ Fri Jul 17 09:33:02 UTC 2026
// 同步 ID: 6596239f @ Mon Jul 20 17:51:36 UTC 2026
// 同步 ID: a52a3d36 @ Tue Jul 21 03:42:18 UTC 2026
// 重构日志: 2f1fac4c
// 重构日志: cccd754a
// 同步 ID: 995238c3 @ Wed Jul 22 16:51:06 UTC 2026
// 重构日志: 9b63c3ad
// 同步 ID: 31dad1b6 @ Thu Jul 23 19:34:02 UTC 2026
// 重构日志: ce992093
